<?xml version="1.0" encoding="UTF-8"?>
<!-- Generated by org.testng.reporters.JUnitReportReporter -->
<testsuite hostname="SP-JBGABRIEL_L1" failures="0" tests="5" name="testcase.MV" time="88.883" errors="0" timestamp="2025-08-05T13:55:36 CST" skipped="0">
  <testcase classname="testcase.MV" name="SearchByPlateNumber" time="18.103"/>
  <testcase classname="testcase.MV" name="SearchByEngineNumber" time="17.906"/>
  <testcase classname="testcase.MV" name="SearchByChassisNumber" time="17.806"/>
  <testcase classname="testcase.MV" name="SearchByEngineAndChassisNumber" time="16.628"/>
  <testcase classname="testcase.MV" name="SearchByMVFileNumber" time="18.440"/>
</testsuite> <!-- testcase.MV -->
