<?xml version="1.0" encoding="UTF-8"?>
<!-- Generated by org.testng.reporters.JUnitReportReporter -->
<testsuite hostname="SP-JBGABRIEL_L1" failures="0" tests="1" name="testcase.MV" time="25.060" errors="0" timestamp="2025-08-05T12:03:26 CST" skipped="0">
  <testcase classname="testcase.MV" name="SearchByPlateNumber" time="25.060"/>
</testsuite> <!-- testcase.MV -->
