<?xml version="1.0" encoding="UTF-8"?>
<!-- Generated by org.testng.reporters.JUnitReportReporter -->
<testsuite hostname="SP-JBGABRIEL_L1" failures="0" tests="1" name="testcase.DL" time="21.097" errors="0" timestamp="2025-08-01T12:53:20 CST" skipped="0">
  <testcase classname="testcase.DL" name="SearchByDLValid" time="21.097"/>
</testsuite> <!-- testcase.DL -->
